<?xml version="1.0" encoding="UTF-8"?>
<!-- Generated by org.testng.reporters.JUnitXMLReporter -->
<testsuite hostname="DESKTOP-4FHOASP" ignored="0" name="Test" tests="1" failures="1" timestamp="14 Aug 2019 23:18:36 GMT" time="0.142" errors="0">
  <testcase name="@AfterMethod tearDown" time="0.001" classname="com.rescale.baseSetup.TestBaseSetup">
    <failure type="java.lang.NullPointerException">
      <![CDATA[java.lang.NullPointerException
at com.rescale.baseSetup.TestBaseSetup.tearDown(TestBaseSetup.java:67)
... Removed 28 stack frames]]>
    </failure>
  </testcase> <!-- @AfterMethod tearDown -->
  <testcase name="@AfterClass endVerifybasePage" time="0.0" classname="com.rescale.testcases.LoginPage.tc_001_BasePageTest">
    <skipped/>
  </testcase> <!-- @AfterClass endVerifybasePage -->
  <testcase name="@AfterClass tearDown" time="0.0" classname="com.rescale.baseSetup.TestBaseSetup">
    <skipped/>
  </testcase> <!-- @AfterClass tearDown -->
  <testcase name="verifyBasePage" time="0.007" classname="com.rescale.testcases.LoginPage.tc_001_BasePageTest">
    <failure type="java.lang.NullPointerException">
      <![CDATA[java.lang.NullPointerException
at com.rescale.pages.BasePage.clickBasePageTitle(BasePage.java:17)
at com.rescale.pages.BasePage.verifyBasePageTitle(BasePage.java:23)
at com.rescale.testcases.LoginPage.tc_001_BasePageTest.verifyBasePage(tc_001_BasePageTest.java:35)
... Removed 25 stack frames]]>
    </failure>
  </testcase> <!-- verifyBasePage -->
</testsuite> <!-- Test -->
